[0.103s] DEBUG:colcon:Command line arguments: ['/usr/bin/colcon', 'build']
[0.103s] DEBUG:colcon:Parsed command line arguments: Namespace(log_base=None, log_level=None, verb_name='build', build_base='build', install_base='install', merge_install=False, symlink_install=False, test_result_base=None, continue_on_error=False, executor='parallel', parallel_workers=8, event_handlers=None, ignore_user_meta=False, metas=['./colcon.meta'], base_paths=['.'], packages_ignore=None, packages_ignore_regex=None, paths=None, packages_up_to=None, packages_up_to_regex=None, packages_above=None, packages_above_and_dependencies=None, packages_above_depth=None, packages_select_by_dep=None, packages_skip_by_dep=None, packages_skip_up_to=None, packages_select_build_failed=False, packages_skip_build_finished=False, packages_select_test_failures=False, packages_skip_test_passed=False, packages_select=None, packages_skip=None, packages_select_regex=None, packages_skip_regex=None, packages_start=None, packages_end=None, allow_overriding=[], cmake_args=None, cmake_target=None, cmake_target_skip_unavailable=False, cmake_clean_cache=False, cmake_clean_first=False, cmake_force_configure=False, ament_cmake_args=None, catkin_cmake_args=None, catkin_skip_building_tests=False, mixin_files=None, mixin=None, verb_parser=<colcon_mixin.mixin.mixin_argument.MixinArgumentDecorator object at 0x7cb8e234b250>, verb_extension=<colcon_core.verb.build.BuildVerb object at 0x7cb8e234ada0>, main=<bound method BuildVerb.main of <colcon_core.verb.build.BuildVerb object at 0x7cb8e234ada0>>, mixin_verb=('build',))
[0.267s] Level 1:colcon.colcon_core.package_discovery:discover_packages(colcon_meta) check parameters
[0.268s] Level 1:colcon.colcon_core.package_discovery:discover_packages(recursive) check parameters
[0.268s] Level 1:colcon.colcon_core.package_discovery:discover_packages(ignore) check parameters
[0.268s] Level 1:colcon.colcon_core.package_discovery:discover_packages(path) check parameters
[0.268s] Level 1:colcon.colcon_core.package_discovery:discover_packages(colcon_meta) discover
[0.268s] Level 1:colcon.colcon_core.package_discovery:discover_packages(recursive) discover
[0.268s] INFO:colcon.colcon_core.package_discovery:Crawling recursively for packages in '/home/feng/train_ws'
[0.268s] Level 1:colcon.colcon_core.package_identification:_identify(.) by extensions ['ignore', 'ignore_ament_install']
[0.268s] Level 1:colcon.colcon_core.package_identification:_identify(.) by extension 'ignore'
[0.268s] Level 1:colcon.colcon_core.package_identification:_identify(.) by extension 'ignore_ament_install'
[0.268s] Level 1:colcon.colcon_core.package_identification:_identify(.) by extensions ['colcon_pkg']
[0.268s] Level 1:colcon.colcon_core.package_identification:_identify(.) by extension 'colcon_pkg'
[0.268s] Level 1:colcon.colcon_core.package_identification:_identify(.) by extensions ['colcon_meta']
[0.268s] Level 1:colcon.colcon_core.package_identification:_identify(.) by extension 'colcon_meta'
[0.268s] Level 1:colcon.colcon_core.package_identification:_identify(.) by extensions ['ros']
[0.268s] Level 1:colcon.colcon_core.package_identification:_identify(.) by extension 'ros'
[0.278s] Level 1:colcon.colcon_core.package_identification:_identify(.) by extensions ['cmake', 'python']
[0.278s] Level 1:colcon.colcon_core.package_identification:_identify(.) by extension 'cmake'
[0.278s] Level 1:colcon.colcon_core.package_identification:_identify(.) by extension 'python'
[0.278s] Level 1:colcon.colcon_core.package_identification:_identify(.) by extensions ['python_setup_py']
[0.278s] Level 1:colcon.colcon_core.package_identification:_identify(.) by extension 'python_setup_py'
[0.278s] Level 1:colcon.colcon_core.package_identification:_identify(build) by extensions ['ignore', 'ignore_ament_install']
[0.278s] Level 1:colcon.colcon_core.package_identification:_identify(build) by extension 'ignore'
[0.278s] Level 1:colcon.colcon_core.package_identification:_identify(build) ignored
[0.278s] Level 1:colcon.colcon_core.package_identification:_identify(install) by extensions ['ignore', 'ignore_ament_install']
[0.278s] Level 1:colcon.colcon_core.package_identification:_identify(install) by extension 'ignore'
[0.279s] Level 1:colcon.colcon_core.package_identification:_identify(install) ignored
[0.279s] Level 1:colcon.colcon_core.package_identification:_identify(log) by extensions ['ignore', 'ignore_ament_install']
[0.279s] Level 1:colcon.colcon_core.package_identification:_identify(log) by extension 'ignore'
[0.279s] Level 1:colcon.colcon_core.package_identification:_identify(log) ignored
[0.279s] Level 1:colcon.colcon_core.package_identification:_identify(src) by extensions ['ignore', 'ignore_ament_install']
[0.279s] Level 1:colcon.colcon_core.package_identification:_identify(src) by extension 'ignore'
[0.279s] Level 1:colcon.colcon_core.package_identification:_identify(src) by extension 'ignore_ament_install'
[0.279s] Level 1:colcon.colcon_core.package_identification:_identify(src) by extensions ['colcon_pkg']
[0.279s] Level 1:colcon.colcon_core.package_identification:_identify(src) by extension 'colcon_pkg'
[0.279s] Level 1:colcon.colcon_core.package_identification:_identify(src) by extensions ['colcon_meta']
[0.279s] Level 1:colcon.colcon_core.package_identification:_identify(src) by extension 'colcon_meta'
[0.279s] Level 1:colcon.colcon_core.package_identification:_identify(src) by extensions ['ros']
[0.279s] Level 1:colcon.colcon_core.package_identification:_identify(src) by extension 'ros'
[0.279s] Level 1:colcon.colcon_core.package_identification:_identify(src) by extensions ['cmake', 'python']
[0.279s] Level 1:colcon.colcon_core.package_identification:_identify(src) by extension 'cmake'
[0.279s] Level 1:colcon.colcon_core.package_identification:_identify(src) by extension 'python'
[0.279s] Level 1:colcon.colcon_core.package_identification:_identify(src) by extensions ['python_setup_py']
[0.279s] Level 1:colcon.colcon_core.package_identification:_identify(src) by extension 'python_setup_py'
[0.280s] Level 1:colcon.colcon_core.package_identification:_identify(src/example_1) by extensions ['ignore', 'ignore_ament_install']
[0.280s] Level 1:colcon.colcon_core.package_identification:_identify(src/example_1) by extension 'ignore'
[0.280s] Level 1:colcon.colcon_core.package_identification:_identify(src/example_1) by extension 'ignore_ament_install'
[0.280s] Level 1:colcon.colcon_core.package_identification:_identify(src/example_1) by extensions ['colcon_pkg']
[0.280s] Level 1:colcon.colcon_core.package_identification:_identify(src/example_1) by extension 'colcon_pkg'
[0.280s] Level 1:colcon.colcon_core.package_identification:_identify(src/example_1) by extensions ['colcon_meta']
[0.280s] Level 1:colcon.colcon_core.package_identification:_identify(src/example_1) by extension 'colcon_meta'
[0.280s] Level 1:colcon.colcon_core.package_identification:_identify(src/example_1) by extensions ['ros']
[0.280s] Level 1:colcon.colcon_core.package_identification:_identify(src/example_1) by extension 'ros'
[0.283s] DEBUG:colcon.colcon_core.package_identification:Package 'src/example_1' with type 'ros.ament_cmake' and name 'ros2_control_demo_example_1'
[0.283s] Level 1:colcon.colcon_core.package_discovery:discover_packages(recursive) using defaults
[0.283s] Level 1:colcon.colcon_core.package_discovery:discover_packages(ignore) discover
[0.283s] Level 1:colcon.colcon_core.package_discovery:discover_packages(ignore) using defaults
[0.283s] Level 1:colcon.colcon_core.package_discovery:discover_packages(path) discover
[0.284s] Level 1:colcon.colcon_core.package_discovery:discover_packages(path) using defaults
[0.309s] Level 1:colcon.colcon_core.package_discovery:discover_packages(prefix_path) check parameters
[0.309s] Level 1:colcon.colcon_core.package_discovery:discover_packages(prefix_path) discover
[0.311s] DEBUG:colcon.colcon_installed_package_information.package_discovery:Found 1 installed packages in /home/feng/train_ws/install
[0.338s] DEBUG:colcon.colcon_installed_package_information.package_discovery:Found 390 installed packages in /opt/ros/humble
[0.340s] Level 1:colcon.colcon_core.package_discovery:discover_packages(prefix_path) using defaults
[2.127s] Level 5:colcon.colcon_core.verb:set package 'ros2_control_demo_example_1' build argument 'cmake_args' from command line to 'None'
[2.127s] Level 5:colcon.colcon_core.verb:set package 'ros2_control_demo_example_1' build argument 'cmake_target' from command line to 'None'
[2.127s] Level 5:colcon.colcon_core.verb:set package 'ros2_control_demo_example_1' build argument 'cmake_target_skip_unavailable' from command line to 'False'
[2.127s] Level 5:colcon.colcon_core.verb:set package 'ros2_control_demo_example_1' build argument 'cmake_clean_cache' from command line to 'False'
[2.127s] Level 5:colcon.colcon_core.verb:set package 'ros2_control_demo_example_1' build argument 'cmake_clean_first' from command line to 'False'
[2.127s] Level 5:colcon.colcon_core.verb:set package 'ros2_control_demo_example_1' build argument 'cmake_force_configure' from command line to 'False'
[2.127s] Level 5:colcon.colcon_core.verb:set package 'ros2_control_demo_example_1' build argument 'ament_cmake_args' from command line to 'None'
[2.127s] Level 5:colcon.colcon_core.verb:set package 'ros2_control_demo_example_1' build argument 'catkin_cmake_args' from command line to 'None'
[2.127s] Level 5:colcon.colcon_core.verb:set package 'ros2_control_demo_example_1' build argument 'catkin_skip_building_tests' from command line to 'False'
[2.127s] DEBUG:colcon.colcon_core.verb:Building package 'ros2_control_demo_example_1' with the following arguments: {'ament_cmake_args': None, 'build_base': '/home/feng/train_ws/build/ros2_control_demo_example_1', 'catkin_cmake_args': None, 'catkin_skip_building_tests': False, 'cmake_args': None, 'cmake_clean_cache': False, 'cmake_clean_first': False, 'cmake_force_configure': False, 'cmake_target': None, 'cmake_target_skip_unavailable': False, 'install_base': '/home/feng/train_ws/install/ros2_control_demo_example_1', 'merge_install': False, 'path': '/home/feng/train_ws/src/example_1', 'symlink_install': False, 'test_result_base': None}
[2.127s] INFO:colcon.colcon_core.executor:Executing jobs using 'parallel' executor
[2.128s] DEBUG:colcon.colcon_parallel_executor.executor.parallel:run_until_complete
[2.129s] INFO:colcon.colcon_ros.task.ament_cmake.build:Building ROS package in '/home/feng/train_ws/src/example_1' with build type 'ament_cmake'
[2.129s] INFO:colcon.colcon_cmake.task.cmake.build:Building CMake package in '/home/feng/train_ws/src/example_1'
[2.131s] INFO:colcon.colcon_core.plugin_system:Skipping extension 'colcon_core.shell.bat': Not used on non-Windows systems
[2.131s] INFO:colcon.colcon_core.shell:Skip shell extension 'powershell' for command environment: Not usable outside of PowerShell
[2.131s] DEBUG:colcon.colcon_core.shell:Skip shell extension 'dsv' for command environment
[2.140s] DEBUG:colcon.colcon_core.event_handler.log_command:Invoking command in '/home/feng/train_ws/build/ros2_control_demo_example_1': CMAKE_PREFIX_PATH=${CMAKE_PREFIX_PATH}:/opt/ros/humble /usr/bin/cmake --build /home/feng/train_ws/build/ros2_control_demo_example_1 -- -j8 -l8
[5.800s] DEBUG:colcon.colcon_core.event_handler.log_command:Invoked command in '/home/feng/train_ws/build/ros2_control_demo_example_1' returned '0': CMAKE_PREFIX_PATH=${CMAKE_PREFIX_PATH}:/opt/ros/humble /usr/bin/cmake --build /home/feng/train_ws/build/ros2_control_demo_example_1 -- -j8 -l8
[5.810s] DEBUG:colcon.colcon_core.event_handler.log_command:Invoking command in '/home/feng/train_ws/build/ros2_control_demo_example_1': CMAKE_PREFIX_PATH=${CMAKE_PREFIX_PATH}:/opt/ros/humble /usr/bin/cmake --install /home/feng/train_ws/build/ros2_control_demo_example_1
[5.821s] Level 1:colcon.colcon_core.environment:create_environment_scripts_only(ros2_control_demo_example_1)
[5.822s] DEBUG:colcon.colcon_core.event_handler.log_command:Invoked command in '/home/feng/train_ws/build/ros2_control_demo_example_1' returned '0': CMAKE_PREFIX_PATH=${CMAKE_PREFIX_PATH}:/opt/ros/humble /usr/bin/cmake --install /home/feng/train_ws/build/ros2_control_demo_example_1
[5.824s] Level 1:colcon.colcon_core.environment:checking '/home/feng/train_ws/install/ros2_control_demo_example_1' for CMake module files
[5.824s] Level 1:colcon.colcon_core.environment:checking '/home/feng/train_ws/install/ros2_control_demo_example_1' for CMake config files
[5.824s] Level 1:colcon.colcon_core.shell:create_environment_hook('ros2_control_demo_example_1', 'cmake_prefix_path')
[5.825s] INFO:colcon.colcon_core.shell:Creating environment hook '/home/feng/train_ws/install/ros2_control_demo_example_1/share/ros2_control_demo_example_1/hook/cmake_prefix_path.ps1'
[5.825s] INFO:colcon.colcon_core.shell:Creating environment descriptor '/home/feng/train_ws/install/ros2_control_demo_example_1/share/ros2_control_demo_example_1/hook/cmake_prefix_path.dsv'
[5.826s] INFO:colcon.colcon_core.shell:Creating environment hook '/home/feng/train_ws/install/ros2_control_demo_example_1/share/ros2_control_demo_example_1/hook/cmake_prefix_path.sh'
[5.827s] Level 1:colcon.colcon_core.environment:checking '/home/feng/train_ws/install/ros2_control_demo_example_1/lib'
[5.827s] Level 1:colcon.colcon_core.shell:create_environment_hook('ros2_control_demo_example_1', 'ld_library_path_lib')
[5.827s] INFO:colcon.colcon_core.shell:Creating environment hook '/home/feng/train_ws/install/ros2_control_demo_example_1/share/ros2_control_demo_example_1/hook/ld_library_path_lib.ps1'
[5.827s] INFO:colcon.colcon_core.shell:Creating environment descriptor '/home/feng/train_ws/install/ros2_control_demo_example_1/share/ros2_control_demo_example_1/hook/ld_library_path_lib.dsv'
[5.828s] INFO:colcon.colcon_core.shell:Creating environment hook '/home/feng/train_ws/install/ros2_control_demo_example_1/share/ros2_control_demo_example_1/hook/ld_library_path_lib.sh'
[5.828s] Level 1:colcon.colcon_core.environment:checking '/home/feng/train_ws/install/ros2_control_demo_example_1/bin'
[5.828s] Level 1:colcon.colcon_core.environment:checking '/home/feng/train_ws/install/ros2_control_demo_example_1/lib/pkgconfig/ros2_control_demo_example_1.pc'
[5.828s] Level 1:colcon.colcon_core.environment:checking '/home/feng/train_ws/install/ros2_control_demo_example_1/lib/python3.10/site-packages'
[5.829s] Level 1:colcon.colcon_core.environment:checking '/home/feng/train_ws/install/ros2_control_demo_example_1/bin'
[5.829s] INFO:colcon.colcon_core.shell:Creating package script '/home/feng/train_ws/install/ros2_control_demo_example_1/share/ros2_control_demo_example_1/package.ps1'
[5.830s] INFO:colcon.colcon_core.shell:Creating package descriptor '/home/feng/train_ws/install/ros2_control_demo_example_1/share/ros2_control_demo_example_1/package.dsv'
[5.830s] INFO:colcon.colcon_core.shell:Creating package script '/home/feng/train_ws/install/ros2_control_demo_example_1/share/ros2_control_demo_example_1/package.sh'
[5.831s] INFO:colcon.colcon_core.shell:Creating package script '/home/feng/train_ws/install/ros2_control_demo_example_1/share/ros2_control_demo_example_1/package.bash'
[5.831s] INFO:colcon.colcon_core.shell:Creating package script '/home/feng/train_ws/install/ros2_control_demo_example_1/share/ros2_control_demo_example_1/package.zsh'
[5.832s] Level 1:colcon.colcon_core.environment:create_file_with_runtime_dependencies(/home/feng/train_ws/install/ros2_control_demo_example_1/share/colcon-core/packages/ros2_control_demo_example_1)
[5.833s] Level 1:colcon.colcon_core.environment:create_environment_scripts_only(ros2_control_demo_example_1)
[5.833s] Level 1:colcon.colcon_core.environment:checking '/home/feng/train_ws/install/ros2_control_demo_example_1' for CMake module files
[5.833s] Level 1:colcon.colcon_core.environment:checking '/home/feng/train_ws/install/ros2_control_demo_example_1' for CMake config files
[5.834s] Level 1:colcon.colcon_core.shell:create_environment_hook('ros2_control_demo_example_1', 'cmake_prefix_path')
[5.834s] INFO:colcon.colcon_core.shell:Creating environment hook '/home/feng/train_ws/install/ros2_control_demo_example_1/share/ros2_control_demo_example_1/hook/cmake_prefix_path.ps1'
[5.834s] INFO:colcon.colcon_core.shell:Creating environment descriptor '/home/feng/train_ws/install/ros2_control_demo_example_1/share/ros2_control_demo_example_1/hook/cmake_prefix_path.dsv'
[5.835s] INFO:colcon.colcon_core.shell:Creating environment hook '/home/feng/train_ws/install/ros2_control_demo_example_1/share/ros2_control_demo_example_1/hook/cmake_prefix_path.sh'
[5.835s] Level 1:colcon.colcon_core.environment:checking '/home/feng/train_ws/install/ros2_control_demo_example_1/lib'
[5.836s] Level 1:colcon.colcon_core.shell:create_environment_hook('ros2_control_demo_example_1', 'ld_library_path_lib')
[5.836s] INFO:colcon.colcon_core.shell:Creating environment hook '/home/feng/train_ws/install/ros2_control_demo_example_1/share/ros2_control_demo_example_1/hook/ld_library_path_lib.ps1'
[5.836s] INFO:colcon.colcon_core.shell:Creating environment descriptor '/home/feng/train_ws/install/ros2_control_demo_example_1/share/ros2_control_demo_example_1/hook/ld_library_path_lib.dsv'
[5.837s] INFO:colcon.colcon_core.shell:Creating environment hook '/home/feng/train_ws/install/ros2_control_demo_example_1/share/ros2_control_demo_example_1/hook/ld_library_path_lib.sh'
[5.837s] Level 1:colcon.colcon_core.environment:checking '/home/feng/train_ws/install/ros2_control_demo_example_1/bin'
[5.837s] Level 1:colcon.colcon_core.environment:checking '/home/feng/train_ws/install/ros2_control_demo_example_1/lib/pkgconfig/ros2_control_demo_example_1.pc'
[5.838s] Level 1:colcon.colcon_core.environment:checking '/home/feng/train_ws/install/ros2_control_demo_example_1/lib/python3.10/site-packages'
[5.838s] Level 1:colcon.colcon_core.environment:checking '/home/feng/train_ws/install/ros2_control_demo_example_1/bin'
[5.838s] INFO:colcon.colcon_core.shell:Creating package script '/home/feng/train_ws/install/ros2_control_demo_example_1/share/ros2_control_demo_example_1/package.ps1'
[5.839s] INFO:colcon.colcon_core.shell:Creating package descriptor '/home/feng/train_ws/install/ros2_control_demo_example_1/share/ros2_control_demo_example_1/package.dsv'
[5.839s] INFO:colcon.colcon_core.shell:Creating package script '/home/feng/train_ws/install/ros2_control_demo_example_1/share/ros2_control_demo_example_1/package.sh'
[5.840s] INFO:colcon.colcon_core.shell:Creating package script '/home/feng/train_ws/install/ros2_control_demo_example_1/share/ros2_control_demo_example_1/package.bash'
[5.840s] INFO:colcon.colcon_core.shell:Creating package script '/home/feng/train_ws/install/ros2_control_demo_example_1/share/ros2_control_demo_example_1/package.zsh'
[5.841s] Level 1:colcon.colcon_core.environment:create_file_with_runtime_dependencies(/home/feng/train_ws/install/ros2_control_demo_example_1/share/colcon-core/packages/ros2_control_demo_example_1)
[5.841s] DEBUG:colcon.colcon_parallel_executor.executor.parallel:closing loop
[5.841s] DEBUG:colcon.colcon_parallel_executor.executor.parallel:loop closed
[5.841s] DEBUG:colcon.colcon_parallel_executor.executor.parallel:run_until_complete finished with '0'
[5.842s] DEBUG:colcon.colcon_core.event_reactor:joining thread
[5.847s] INFO:colcon.colcon_core.plugin_system:Skipping extension 'colcon_notification.desktop_notification.terminal_notifier': Not used on non-Darwin systems
[5.847s] INFO:colcon.colcon_core.plugin_system:Skipping extension 'colcon_notification.desktop_notification.win32': Not used on non-Windows systems
[5.847s] INFO:colcon.colcon_notification.desktop_notification:Sending desktop notification using 'notify2'
[5.860s] DEBUG:colcon.colcon_core.event_reactor:joined thread
[5.861s] INFO:colcon.colcon_core.shell:Creating prefix script '/home/feng/train_ws/install/local_setup.ps1'
[5.862s] INFO:colcon.colcon_core.shell:Creating prefix util module '/home/feng/train_ws/install/_local_setup_util_ps1.py'
[5.863s] INFO:colcon.colcon_core.shell:Creating prefix chain script '/home/feng/train_ws/install/setup.ps1'
[5.864s] INFO:colcon.colcon_core.shell:Creating prefix script '/home/feng/train_ws/install/local_setup.sh'
[5.865s] INFO:colcon.colcon_core.shell:Creating prefix util module '/home/feng/train_ws/install/_local_setup_util_sh.py'
[5.866s] INFO:colcon.colcon_core.shell:Creating prefix chain script '/home/feng/train_ws/install/setup.sh'
[5.867s] INFO:colcon.colcon_core.shell:Creating prefix script '/home/feng/train_ws/install/local_setup.bash'
[5.868s] INFO:colcon.colcon_core.shell:Creating prefix chain script '/home/feng/train_ws/install/setup.bash'
[5.868s] INFO:colcon.colcon_core.shell:Creating prefix script '/home/feng/train_ws/install/local_setup.zsh'
[5.869s] INFO:colcon.colcon_core.shell:Creating prefix chain script '/home/feng/train_ws/install/setup.zsh'
