[0.012s] Invoking command in '/home/feng/train_ws/build/ros2_control_demo_example_1': CMAKE_PREFIX_PATH=/opt/ros/humble /usr/bin/cmake --build /home/feng/train_ws/build/ros2_control_demo_example_1 -- -j8 -l8
[0.053s] [35m[1mConsolidate compiler generated dependencies of target ros2_control_demo_example_1[0m
[0.075s] [ 10%] [32mBuilding CXX object CMakeFiles/ros2_control_demo_example_1.dir/hardware/rrbot.cpp.o[0m
[3.370s] [ 20%] [32m[1mLinking CXX shared library libros2_control_demo_example_1.so[0m
[3.544s] [100%] Built target ros2_control_demo_example_1
[3.554s] Invoked command in '/home/feng/train_ws/build/ros2_control_demo_example_1' returned '0': CMAKE_PREFIX_PATH=/opt/ros/humble /usr/bin/cmake --build /home/feng/train_ws/build/ros2_control_demo_example_1 -- -j8 -l8
[3.564s] Invoking command in '/home/feng/train_ws/build/ros2_control_demo_example_1': CMAKE_PREFIX_PATH=/opt/ros/humble /usr/bin/cmake --install /home/feng/train_ws/build/ros2_control_demo_example_1
[3.571s] -- Install configuration: ""
[3.571s] -- Installing: /home/feng/train_ws/install/ros2_control_demo_example_1/share/ros2_control_demo_example_1/ros2_control_demo_example_1.xml
[3.571s] -- Installing: /home/feng/train_ws/install/ros2_control_demo_example_1/include/ros2_control_demo_example_1
[3.571s] -- Installing: /home/feng/train_ws/install/ros2_control_demo_example_1/include/ros2_control_demo_example_1/fashionstar_servo
[3.571s] -- Installing: /home/feng/train_ws/install/ros2_control_demo_example_1/include/ros2_control_demo_example_1/ros2_control_demo_example_1
[3.571s] -- Installing: /home/feng/train_ws/install/ros2_control_demo_example_1/include/ros2_control_demo_example_1/ros2_control_demo_example_1/rrbot.hpp
[3.571s] -- Installing: /home/feng/train_ws/install/ros2_control_demo_example_1/share/ros2_control_demo_example_1/description
[3.571s] -- Installing: /home/feng/train_ws/install/ros2_control_demo_example_1/share/ros2_control_demo_example_1/description/mybot.urdf.xacro
[3.571s] -- Installing: /home/feng/train_ws/install/ros2_control_demo_example_1/share/ros2_control_demo_example_1/launch
[3.572s] -- Installing: /home/feng/train_ws/install/ros2_control_demo_example_1/share/ros2_control_demo_example_1/launch/view_rrbot.launch.py
[3.572s] -- Installing: /home/feng/train_ws/install/ros2_control_demo_example_1/share/ros2_control_demo_example_1/launch/rrbot.launch.py
[3.572s] -- Installing: /home/feng/train_ws/install/ros2_control_demo_example_1/share/ros2_control_demo_example_1/launch/test_joint_trajectory_controller.launch.py
[3.572s] -- Installing: /home/feng/train_ws/install/ros2_control_demo_example_1/share/ros2_control_demo_example_1/launch/test_forward_position_controller.launch.py
[3.572s] -- Installing: /home/feng/train_ws/install/ros2_control_demo_example_1/share/ros2_control_demo_example_1/config
[3.572s] -- Installing: /home/feng/train_ws/install/ros2_control_demo_example_1/share/ros2_control_demo_example_1/config/rrbot_controllers.yaml
[3.572s] -- Installing: /home/feng/train_ws/install/ros2_control_demo_example_1/share/ros2_control_demo_example_1/config/rrbot_forward_position_publisher.yaml
[3.572s] -- Installing: /home/feng/train_ws/install/ros2_control_demo_example_1/share/ros2_control_demo_example_1/config/rrbot_hardware.yaml
[3.572s] -- Installing: /home/feng/train_ws/install/ros2_control_demo_example_1/share/ros2_control_demo_example_1/config/rrbot_joint_trajectory_publisher.yaml
[3.572s] -- Installing: /home/feng/train_ws/install/ros2_control_demo_example_1/lib/libros2_control_demo_example_1.so
[3.573s] -- Set runtime path of "/home/feng/train_ws/install/ros2_control_demo_example_1/lib/libros2_control_demo_example_1.so" to ""
[3.573s] -- Installing: /home/feng/train_ws/install/ros2_control_demo_example_1/share/ros2_control_demo_example_1/environment/library_path.sh
[3.573s] -- Installing: /home/feng/train_ws/install/ros2_control_demo_example_1/share/ros2_control_demo_example_1/environment/library_path.dsv
[3.573s] -- Installing: /home/feng/train_ws/install/ros2_control_demo_example_1/share/ament_index/resource_index/package_run_dependencies/ros2_control_demo_example_1
[3.574s] -- Installing: /home/feng/train_ws/install/ros2_control_demo_example_1/share/ament_index/resource_index/parent_prefix_path/ros2_control_demo_example_1
[3.574s] -- Installing: /home/feng/train_ws/install/ros2_control_demo_example_1/share/ros2_control_demo_example_1/environment/ament_prefix_path.sh
[3.574s] -- Installing: /home/feng/train_ws/install/ros2_control_demo_example_1/share/ros2_control_demo_example_1/environment/ament_prefix_path.dsv
[3.574s] -- Installing: /home/feng/train_ws/install/ros2_control_demo_example_1/share/ros2_control_demo_example_1/environment/path.sh
[3.574s] -- Installing: /home/feng/train_ws/install/ros2_control_demo_example_1/share/ros2_control_demo_example_1/environment/path.dsv
[3.574s] -- Installing: /home/feng/train_ws/install/ros2_control_demo_example_1/share/ros2_control_demo_example_1/local_setup.bash
[3.574s] -- Installing: /home/feng/train_ws/install/ros2_control_demo_example_1/share/ros2_control_demo_example_1/local_setup.sh
[3.575s] -- Installing: /home/feng/train_ws/install/ros2_control_demo_example_1/share/ros2_control_demo_example_1/local_setup.zsh
[3.575s] -- Installing: /home/feng/train_ws/install/ros2_control_demo_example_1/share/ros2_control_demo_example_1/local_setup.dsv
[3.575s] -- Installing: /home/feng/train_ws/install/ros2_control_demo_example_1/share/ros2_control_demo_example_1/package.dsv
[3.575s] -- Installing: /home/feng/train_ws/install/ros2_control_demo_example_1/share/ament_index/resource_index/packages/ros2_control_demo_example_1
[3.575s] -- Installing: /home/feng/train_ws/install/ros2_control_demo_example_1/share/ament_index/resource_index/hardware_interface__pluginlib__plugin/ros2_control_demo_example_1
[3.575s] -- Installing: /home/feng/train_ws/install/ros2_control_demo_example_1/share/ros2_control_demo_example_1/cmake/export_ros2_control_demo_example_1Export.cmake
[3.575s] -- Installing: /home/feng/train_ws/install/ros2_control_demo_example_1/share/ros2_control_demo_example_1/cmake/export_ros2_control_demo_example_1Export-noconfig.cmake
[3.575s] -- Installing: /home/feng/train_ws/install/ros2_control_demo_example_1/share/ros2_control_demo_example_1/cmake/ament_cmake_export_targets-extras.cmake
[3.575s] -- Installing: /home/feng/train_ws/install/ros2_control_demo_example_1/share/ros2_control_demo_example_1/cmake/ament_cmake_export_dependencies-extras.cmake
[3.576s] -- Installing: /home/feng/train_ws/install/ros2_control_demo_example_1/share/ros2_control_demo_example_1/cmake/ros2_control_demo_example_1Config.cmake
[3.576s] -- Installing: /home/feng/train_ws/install/ros2_control_demo_example_1/share/ros2_control_demo_example_1/cmake/ros2_control_demo_example_1Config-version.cmake
[3.576s] -- Installing: /home/feng/train_ws/install/ros2_control_demo_example_1/share/ros2_control_demo_example_1/package.xml
[3.578s] Invoked command in '/home/feng/train_ws/build/ros2_control_demo_example_1' returned '0': CMAKE_PREFIX_PATH=/opt/ros/humble /usr/bin/cmake --install /home/feng/train_ws/build/ros2_control_demo_example_1
