[35m[1mConsolidate compiler generated dependencies of target ros2_control_demo_example_1[0m
[ 20%] [32mBuilding CXX object CMakeFiles/ros2_control_demo_example_1.dir/hardware/sdk/src/FashionStar_UartServo.cpp.o[0m
[ 20%] [32mBuilding CXX object CMakeFiles/ros2_control_demo_example_1.dir/hardware/rrbot.cpp.o[0m
[01m[K/home/feng/train_ws/src/example_1/hardware/rrbot.cpp:[m[K In member function ‘[01m[Kvirtual hardware_interface::CallbackReturn ros2_control_demo_example_1::MyBotSystemPositionOnlyHardware::on_deactivate(const rclcpp_lifecycle::State&)[m[K’:
[01m[K/home/feng/train_ws/src/example_1/hardware/rrbot.cpp:189:14:[m[K [01;35m[Kwarning: [m[Kunused variable ‘[01m[Kservo[m[K’ [[01;35m[K]8;;https://gcc.gnu.org/onlinedocs/gcc/Warning-Options.html#index-Wunused-variable-Wunused-variable]8;;[m[K]
  189 |   for (auto &[01;35m[Kservo[m[K : servos_) {
      |              [01;35m[K^~~~~[m[K
[ 30%] [32m[1mLinking CXX shared library libros2_control_demo_example_1.so[0m
[100%] Built target ros2_control_demo_example_1
-- Install configuration: ""
-- Up-to-date: /home/feng/train_ws/install/ros2_control_demo_example_1/share/ros2_control_demo_example_1/ros2_control_demo_example_1.xml
-- Up-to-date: /home/feng/train_ws/install/ros2_control_demo_example_1/include/ros2_control_demo_example_1
-- Up-to-date: /home/feng/train_ws/install/ros2_control_demo_example_1/include/ros2_control_demo_example_1/ros2_control_demo_example_1
-- Installing: /home/feng/train_ws/install/ros2_control_demo_example_1/include/ros2_control_demo_example_1/ros2_control_demo_example_1/rrbot.hpp
-- Up-to-date: /home/feng/train_ws/install/ros2_control_demo_example_1/share/ros2_control_demo_example_1/description
-- Up-to-date: /home/feng/train_ws/install/ros2_control_demo_example_1/share/ros2_control_demo_example_1/description/mybot.urdf.xacro
-- Up-to-date: /home/feng/train_ws/install/ros2_control_demo_example_1/share/ros2_control_demo_example_1/launch
-- Up-to-date: /home/feng/train_ws/install/ros2_control_demo_example_1/share/ros2_control_demo_example_1/launch/view_rrbot.launch.py
-- Up-to-date: /home/feng/train_ws/install/ros2_control_demo_example_1/share/ros2_control_demo_example_1/launch/rrbot.launch.py
-- Up-to-date: /home/feng/train_ws/install/ros2_control_demo_example_1/share/ros2_control_demo_example_1/launch/test_joint_trajectory_controller.launch.py
-- Up-to-date: /home/feng/train_ws/install/ros2_control_demo_example_1/share/ros2_control_demo_example_1/launch/test_forward_position_controller.launch.py
-- Up-to-date: /home/feng/train_ws/install/ros2_control_demo_example_1/share/ros2_control_demo_example_1/config
-- Up-to-date: /home/feng/train_ws/install/ros2_control_demo_example_1/share/ros2_control_demo_example_1/config/rrbot_controllers.yaml
-- Up-to-date: /home/feng/train_ws/install/ros2_control_demo_example_1/share/ros2_control_demo_example_1/config/rrbot_hardware.yaml
-- Installing: /home/feng/train_ws/install/ros2_control_demo_example_1/lib/libros2_control_demo_example_1.so
-- Set runtime path of "/home/feng/train_ws/install/ros2_control_demo_example_1/lib/libros2_control_demo_example_1.so" to ""
-- Up-to-date: /home/feng/train_ws/install/ros2_control_demo_example_1/share/ros2_control_demo_example_1/environment/library_path.sh
-- Up-to-date: /home/feng/train_ws/install/ros2_control_demo_example_1/share/ros2_control_demo_example_1/environment/library_path.dsv
-- Up-to-date: /home/feng/train_ws/install/ros2_control_demo_example_1/share/ament_index/resource_index/package_run_dependencies/ros2_control_demo_example_1
-- Up-to-date: /home/feng/train_ws/install/ros2_control_demo_example_1/share/ament_index/resource_index/parent_prefix_path/ros2_control_demo_example_1
-- Up-to-date: /home/feng/train_ws/install/ros2_control_demo_example_1/share/ros2_control_demo_example_1/environment/ament_prefix_path.sh
-- Up-to-date: /home/feng/train_ws/install/ros2_control_demo_example_1/share/ros2_control_demo_example_1/environment/ament_prefix_path.dsv
-- Up-to-date: /home/feng/train_ws/install/ros2_control_demo_example_1/share/ros2_control_demo_example_1/environment/path.sh
-- Up-to-date: /home/feng/train_ws/install/ros2_control_demo_example_1/share/ros2_control_demo_example_1/environment/path.dsv
-- Up-to-date: /home/feng/train_ws/install/ros2_control_demo_example_1/share/ros2_control_demo_example_1/local_setup.bash
-- Up-to-date: /home/feng/train_ws/install/ros2_control_demo_example_1/share/ros2_control_demo_example_1/local_setup.sh
-- Up-to-date: /home/feng/train_ws/install/ros2_control_demo_example_1/share/ros2_control_demo_example_1/local_setup.zsh
-- Up-to-date: /home/feng/train_ws/install/ros2_control_demo_example_1/share/ros2_control_demo_example_1/local_setup.dsv
-- Installing: /home/feng/train_ws/install/ros2_control_demo_example_1/share/ros2_control_demo_example_1/package.dsv
-- Up-to-date: /home/feng/train_ws/install/ros2_control_demo_example_1/share/ament_index/resource_index/packages/ros2_control_demo_example_1
-- Up-to-date: /home/feng/train_ws/install/ros2_control_demo_example_1/share/ament_index/resource_index/hardware_interface__pluginlib__plugin/ros2_control_demo_example_1
-- Up-to-date: /home/feng/train_ws/install/ros2_control_demo_example_1/share/ros2_control_demo_example_1/cmake/export_ros2_control_demo_example_1Export.cmake
-- Up-to-date: /home/feng/train_ws/install/ros2_control_demo_example_1/share/ros2_control_demo_example_1/cmake/export_ros2_control_demo_example_1Export-noconfig.cmake
-- Up-to-date: /home/feng/train_ws/install/ros2_control_demo_example_1/share/ros2_control_demo_example_1/cmake/ament_cmake_export_targets-extras.cmake
-- Up-to-date: /home/feng/train_ws/install/ros2_control_demo_example_1/share/ros2_control_demo_example_1/cmake/ament_cmake_export_dependencies-extras.cmake
-- Up-to-date: /home/feng/train_ws/install/ros2_control_demo_example_1/share/ros2_control_demo_example_1/cmake/ros2_control_demo_example_1Config.cmake
-- Up-to-date: /home/feng/train_ws/install/ros2_control_demo_example_1/share/ros2_control_demo_example_1/cmake/ros2_control_demo_example_1Config-version.cmake
-- Up-to-date: /home/feng/train_ws/install/ros2_control_demo_example_1/share/ros2_control_demo_example_1/package.xml
