[100%] Built target ros2_control_demo_example_1
-- Install configuration: ""
-- Up-to-date: /home/feng/train_ws/install/ros2_control_demo_example_1/share/ros2_control_demo_example_1/ros2_control_demo_example_1.xml
-- Up-to-date: /home/feng/train_ws/install/ros2_control_demo_example_1/include/ros2_control_demo_example_1
-- Up-to-date: /home/feng/train_ws/install/ros2_control_demo_example_1/include/ros2_control_demo_example_1/ros2_control_demo_example_1
-- Up-to-date: /home/feng/train_ws/install/ros2_control_demo_example_1/include/ros2_control_demo_example_1/ros2_control_demo_example_1/rrbot.hpp
-- Up-to-date: /home/feng/train_ws/install/ros2_control_demo_example_1/share/ros2_control_demo_example_1/description
-- Up-to-date: /home/feng/train_ws/install/ros2_control_demo_example_1/share/ros2_control_demo_example_1/description/mybot.urdf.xacro
-- Up-to-date: /home/feng/train_ws/install/ros2_control_demo_example_1/share/ros2_control_demo_example_1/launch
-- Up-to-date: /home/feng/train_ws/install/ros2_control_demo_example_1/share/ros2_control_demo_example_1/launch/view_rrbot.launch.py
-- Installing: /home/feng/train_ws/install/ros2_control_demo_example_1/share/ros2_control_demo_example_1/launch/rrbot.launch.py
-- Up-to-date: /home/feng/train_ws/install/ros2_control_demo_example_1/share/ros2_control_demo_example_1/launch/test_joint_trajectory_controller.launch.py
-- Up-to-date: /home/feng/train_ws/install/ros2_control_demo_example_1/share/ros2_control_demo_example_1/launch/test_forward_position_controller.launch.py
-- Up-to-date: /home/feng/train_ws/install/ros2_control_demo_example_1/share/ros2_control_demo_example_1/config
-- Installing: /home/feng/train_ws/install/ros2_control_demo_example_1/share/ros2_control_demo_example_1/config/rrbot_controllers.yaml
-- Up-to-date: /home/feng/train_ws/install/ros2_control_demo_example_1/share/ros2_control_demo_example_1/config/rrbot_hardware.yaml
-- Up-to-date: /home/feng/train_ws/install/ros2_control_demo_example_1/lib/libros2_control_demo_example_1.so
-- Up-to-date: /home/feng/train_ws/install/ros2_control_demo_example_1/share/ros2_control_demo_example_1/environment/library_path.sh
-- Up-to-date: /home/feng/train_ws/install/ros2_control_demo_example_1/share/ros2_control_demo_example_1/environment/library_path.dsv
-- Up-to-date: /home/feng/train_ws/install/ros2_control_demo_example_1/share/ament_index/resource_index/package_run_dependencies/ros2_control_demo_example_1
-- Up-to-date: /home/feng/train_ws/install/ros2_control_demo_example_1/share/ament_index/resource_index/parent_prefix_path/ros2_control_demo_example_1
-- Up-to-date: /home/feng/train_ws/install/ros2_control_demo_example_1/share/ros2_control_demo_example_1/environment/ament_prefix_path.sh
-- Up-to-date: /home/feng/train_ws/install/ros2_control_demo_example_1/share/ros2_control_demo_example_1/environment/ament_prefix_path.dsv
-- Up-to-date: /home/feng/train_ws/install/ros2_control_demo_example_1/share/ros2_control_demo_example_1/environment/path.sh
-- Up-to-date: /home/feng/train_ws/install/ros2_control_demo_example_1/share/ros2_control_demo_example_1/environment/path.dsv
-- Up-to-date: /home/feng/train_ws/install/ros2_control_demo_example_1/share/ros2_control_demo_example_1/local_setup.bash
-- Up-to-date: /home/feng/train_ws/install/ros2_control_demo_example_1/share/ros2_control_demo_example_1/local_setup.sh
-- Up-to-date: /home/feng/train_ws/install/ros2_control_demo_example_1/share/ros2_control_demo_example_1/local_setup.zsh
-- Up-to-date: /home/feng/train_ws/install/ros2_control_demo_example_1/share/ros2_control_demo_example_1/local_setup.dsv
-- Installing: /home/feng/train_ws/install/ros2_control_demo_example_1/share/ros2_control_demo_example_1/package.dsv
-- Up-to-date: /home/feng/train_ws/install/ros2_control_demo_example_1/share/ament_index/resource_index/packages/ros2_control_demo_example_1
-- Up-to-date: /home/feng/train_ws/install/ros2_control_demo_example_1/share/ament_index/resource_index/hardware_interface__pluginlib__plugin/ros2_control_demo_example_1
-- Up-to-date: /home/feng/train_ws/install/ros2_control_demo_example_1/share/ros2_control_demo_example_1/cmake/export_ros2_control_demo_example_1Export.cmake
-- Up-to-date: /home/feng/train_ws/install/ros2_control_demo_example_1/share/ros2_control_demo_example_1/cmake/export_ros2_control_demo_example_1Export-noconfig.cmake
-- Up-to-date: /home/feng/train_ws/install/ros2_control_demo_example_1/share/ros2_control_demo_example_1/cmake/ament_cmake_export_targets-extras.cmake
-- Up-to-date: /home/feng/train_ws/install/ros2_control_demo_example_1/share/ros2_control_demo_example_1/cmake/ament_cmake_export_dependencies-extras.cmake
-- Up-to-date: /home/feng/train_ws/install/ros2_control_demo_example_1/share/ros2_control_demo_example_1/cmake/ros2_control_demo_example_1Config.cmake
-- Up-to-date: /home/feng/train_ws/install/ros2_control_demo_example_1/share/ros2_control_demo_example_1/cmake/ros2_control_demo_example_1Config-version.cmake
-- Up-to-date: /home/feng/train_ws/install/ros2_control_demo_example_1/share/ros2_control_demo_example_1/package.xml
